2025-06-18 22:48:22: [INFO] 22:48:22 ts-node-dev ver. 2.0.0 (using ts-node ver. 10.9.2, typescript ver. 5.8.3)
2025-06-18 22:48:22: 启动成功, 访问地址 http://localhost:8081
2025-06-18 22:50:34: [INFO] 22:50:34 ts-node-dev ver. 2.0.0 (using ts-node ver. 10.9.2, typescript ver. 5.8.3)
2025-06-18 22:50:34: 启动成功, 访问地址 http://localhost:8081
2025-06-18 22:52:27: [INFO] 22:52:27 ts-node-dev ver. 2.0.0 (using ts-node ver. 10.9.2, typescript ver. 5.8.3)
2025-06-18 22:52:28: [ERROR] 22:52:28 ⨯ Unable to compile TypeScript:
2025-06-18 22:52:28: app.ts(13,20): error TS7016: Could not find a declaration file for module 'koa-swig'. '/Users/edy/fs/my_koa/node_modules/.pnpm/koa-swig@2.2.1/node_modules/koa-swig/index.js' implicitly has an 'any' type.
2025-06-18 22:52:28:   Try `npm i --save-dev @types/koa-swig` if it exists or add a new declaration (.d.ts) file containing `declare module 'koa-swig';`
2025-06-18 22:52:28: 
2025-06-18 22:52:46: [INFO] 22:52:46 ts-node-dev ver. 2.0.0 (using ts-node ver. 10.9.2, typescript ver. 5.8.3)
2025-06-18 22:52:47: [ERROR] 22:52:47 ⨯ Unable to compile TypeScript:
2025-06-18 22:52:47: app.ts(13,20): error TS7016: Could not find a declaration file for module 'koa-swig'. '/Users/edy/fs/my_koa/node_modules/.pnpm/koa-swig@2.2.1/node_modules/koa-swig/index.js' implicitly has an 'any' type.
2025-06-18 22:52:47:   Try `npm i --save-dev @types/koa-swig` if it exists or add a new declaration (.d.ts) file containing `declare module 'koa-swig';`
2025-06-18 22:52:47: 
2025-06-18 22:53:05: [INFO] 22:53:05 ts-node-dev ver. 2.0.0 (using ts-node ver. 10.9.2, typescript ver. 5.8.3)
2025-06-18 22:53:06: 启动成功, 访问地址 http://localhost:8081
2025-06-18 22:54:26: [INFO] 22:54:26 ts-node-dev ver. 2.0.0 (using ts-node ver. 10.9.2, typescript ver. 5.8.3)
2025-06-18 22:54:26: 启动成功, 访问地址 http://localhost:8081
2025-06-18 23:00:41: 启动成功, 访问地址 http://localhost:8081
2025-06-18 23:00:52: 启动成功, 访问地址 http://localhost:8081
2025-06-18 23:02:39: 启动成功, 访问地址 http://localhost:8081
2025-06-18 23:02:39: 启动成功, 访问地址 http://localhost:8081
2025-06-18 23:02:39: 启动成功, 访问地址 http://localhost:8081
2025-06-18 23:02:39: 启动成功, 访问地址 http://localhost:8081
2025-06-18 23:02:39: 启动成功, 访问地址 http://localhost:8081
2025-06-18 23:02:39: 启动成功, 访问地址 http://localhost:8081
2025-06-18 23:02:39: 启动成功, 访问地址 http://localhost:8081
2025-06-18 23:02:39: 启动成功, 访问地址 http://localhost:8081
2025-06-18 23:10:15: 启动成功, 访问地址 http://localhost:8081
2025-06-18 23:10:15: 启动成功, 访问地址 http://localhost:8081
2025-06-18 23:10:15: 启动成功, 访问地址 http://localhost:8081
2025-06-18 23:10:16: 启动成功, 访问地址 http://localhost:8081
2025-06-18 23:10:16: 启动成功, 访问地址 http://localhost:8081
2025-06-18 23:10:16: 启动成功, 访问地址 http://localhost:8081
2025-06-18 23:10:16: 启动成功, 访问地址 http://localhost:8081
2025-06-18 23:10:16: 启动成功, 访问地址 http://localhost:8081
2025-06-18 23:10:16: 启动成功, 访问地址 http://localhost:8081
2025-06-18 23:10:16: 启动成功, 访问地址 http://localhost:8081
2025-06-18 23:10:16: 启动成功, 访问地址 http://localhost:8081
2025-06-18 23:10:36: 启动成功, 访问地址 http://localhost:8081
2025-06-18 23:10:36: 启动成功, 访问地址 http://localhost:8081
2025-06-18 23:10:36: 启动成功, 访问地址 http://localhost:8081
2025-06-18 23:10:36: 启动成功, 访问地址 http://localhost:8081
2025-06-18 23:10:36: 启动成功, 访问地址 http://localhost:8081
2025-06-18 23:10:36: 启动成功, 访问地址 http://localhost:8081
2025-06-18 23:10:36: 启动成功, 访问地址 http://localhost:8081
2025-06-18 23:10:37: 启动成功, 访问地址 http://localhost:8081
